3/1/2010 1:26:13 PM Loaded ini settings good
3/1/2010 1:26:20 PM Got player entity
3/1/2010 1:26:20 PM Start Pressed
3/1/2010 1:26:20 PM Closest waypoint found! Dist: 2.292679971783
3/1/2010 1:26:20 PM Closest waypoint is 0
3/1/2010 1:26:20 PM Waypoint system started
3/1/2010 1:26:22 PM Waypoint system finished
3/1/2010 1:26:22 PM Going into Preattacks
3/1/2010 1:26:22 PM Fighting Juvenile Sparkie
3/1/2010 1:26:22 PM Preattacks finished
3/1/2010 1:26:22 PM Flame Bolt I key pressed: 2 MOBHP: 100
3/1/2010 1:26:25 PM Flame Bolt I key pressed: 2 MOBHP: 100
3/1/2010 1:26:27 PM Flame Bolt I cooldown detected
3/1/2010 1:26:27 PM Skipping Flame Bolt I
3/1/2010 1:26:27 PM Skipping Flame Bolt I
3/1/2010 1:26:27 PM Skipping Flame Bolt I
3/1/2010 1:26:27 PM Skipping Flame Bolt I
3/1/2010 1:26:27 PM Skipping Flame Bolt I
3/1/2010 1:26:27 PM Flame Bolt I key pressed: 2 MOBHP: 100
3/1/2010 1:26:29 PM Flame Bolt I key pressed: 2 MOBHP: 100
3/1/2010 1:26:31 PM Flame Bolt I key pressed: 2 MOBHP: 100
3/1/2010 1:26:33 PM Skipping Flame Bolt I
3/1/2010 1:26:33 PM Flame Bolt I key pressed: 2 MOBHP: 100
3/1/2010 1:26:35 PM Flame Bolt I key pressed: 2 MOBHP: 40
3/1/2010 1:26:38 PM Using Pot HP:27/132
3/1/2010 1:26:39 PM Using Pot HP:0/132
3/1/2010 1:26:40 PM Using Pot HP:0/132
3/1/2010 1:26:40 PM Flame Bolt I key pressed: 2 MOBHP: 40
3/1/2010 1:26:42 PM Exiting attack loop
3/1/2010 1:26:42 PM Killed mob. Kills: 1
3/1/2010 1:26:42 PM You died like a noob from: Juvenile Sparkie
3/1/2010 1:26:44 PM Resurrect clicking started
3/1/2010 1:26:56 PM Resurrect finished
3/1/2010 1:27:33 PM Stop function called
3/1/2010 1:27:33 PM Stop pressed
3/1/2010 1:27:34 PM Got player entity
3/1/2010 1:27:34 PM Start Pressed
3/1/2010 1:27:34 PM Closest waypoint found! Dist: 9.61679476507475
3/1/2010 1:27:34 PM Closest waypoint is 0
3/1/2010 1:27:34 PM Waypoint system started
3/1/2010 1:27:35 PM Waypoint system finished
3/1/2010 1:27:35 PM Going into Preattacks
3/1/2010 1:27:35 PM Fighting Longnosed Snuffler
3/1/2010 1:27:35 PM Preattacks finished
3/1/2010 1:27:35 PM Flame Bolt I key pressed: 2 MOBHP: 100
3/1/2010 1:27:37 PM Flame Bolt I key pressed: 2 MOBHP: 100
3/1/2010 1:27:39 PM Flame Bolt I cooldown detected
3/1/2010 1:27:39 PM Skipping Flame Bolt I
3/1/2010 1:27:39 PM Skipping Flame Bolt I
3/1/2010 1:27:39 PM Skipping Flame Bolt I
3/1/2010 1:27:39 PM Skipping Flame Bolt I
3/1/2010 1:27:39 PM Skipping Flame Bolt I
3/1/2010 1:27:39 PM Skipping Flame Bolt I
3/1/2010 1:27:39 PM Skipping Flame Bolt I
3/1/2010 1:27:39 PM Skipping Flame Bolt I
3/1/2010 1:27:39 PM Skipping Flame Bolt I
3/1/2010 1:27:39 PM Skipping Flame Bolt I
3/1/2010 1:27:39 PM Flame Bolt I key pressed: 2 MOBHP: 100
3/1/2010 1:27:41 PM Flame Bolt I key pressed: 2 MOBHP: 100
3/1/2010 1:27:43 PM Flame Bolt I key pressed: 2 MOBHP: 100
3/1/2010 1:27:45 PM Skipping Flame Bolt I
3/1/2010 1:27:45 PM Flame Bolt I key pressed: 2 MOBHP: 100
3/1/2010 1:27:48 PM Flame Bolt I key pressed: 2 MOBHP: 40
3/1/2010 1:27:50 PM Using Pot HP:15/132
3/1/2010 1:27:51 PM Using Pot HP:15/132
3/1/2010 1:27:52 PM Using Pot HP:0/132
3/1/2010 1:27:53 PM Flame Bolt I key pressed: 2 MOBHP: 90
3/1/2010 1:27:55 PM Exiting attack loop
3/1/2010 1:27:55 PM Killed mob. Kills: 2
3/1/2010 1:27:55 PM You died like a noob from: Juvenile Sparkie
3/1/2010 1:27:56 PM Resurrect clicking started
3/1/2010 1:28:23 PM Resurrect finished
