1/28/2010 1:47:54 AM Starting to load skill tree on right.
1/28/2010 1:47:54 AM Split line with 0|PreAttacks
1/28/2010 1:47:54 AM Level 0 list loaded: PreAttacks
1/28/2010 1:47:54 AM Split line with 0|Attacks
1/28/2010 1:47:55 AM Level 0 list loaded: Attacks
1/28/2010 1:47:55 AM Split line with 1|900|1||Swift Edge V
1/28/2010 1:47:55 AM Level 1 list loaded: Swift Edge V
1/28/2010 1:47:55 AM Split line with 2|900|1||Soul Slash V
1/28/2010 1:47:55 AM Level 2 list loaded: Soul Slash V
1/28/2010 1:47:55 AM Split line with 1|1000|2||Ambush I
1/28/2010 1:47:55 AM Level 1 list loaded: Ambush I
1/28/2010 1:47:55 AM Split line with 2|1100|Alt,5||Weakening Blow II
1/28/2010 1:47:55 AM Level 2 list loaded: Weakening Blow II
1/28/2010 1:47:55 AM Split line with 3|666|Alt,6||Surprise Attack V
1/28/2010 1:47:55 AM Level 3 list loaded: Surprise Attack V
1/28/2010 1:47:55 AM Split line with 2|600|Alt,6||Surprise Attack V
1/28/2010 1:47:55 AM Level 2 list loaded: Surprise Attack V
1/28/2010 1:47:55 AM Split line with 3|600|7||Assassination II
1/28/2010 1:47:55 AM Level 3 list loaded: Assassination II
1/28/2010 1:47:55 AM Split line with 1|1000|3||Fang Strike III
1/28/2010 1:47:55 AM Level 1 list loaded: Fang Strike III
1/28/2010 1:47:55 AM Split line with 2|1000|3||Beast Kick II
1/28/2010 1:47:55 AM Level 2 list loaded: Beast Kick II
1/28/2010 1:47:55 AM Split line with 3|900|3||Beast Swipe I
1/28/2010 1:47:55 AM Level 3 list loaded: Beast Swipe I
1/28/2010 1:47:55 AM Split line with 4|800|Alt,1||Binding Rune III
1/28/2010 1:47:55 AM Level 4 list loaded: Binding Rune III
1/28/2010 1:47:55 AM Split line with 5|700|Ctrl,4||Crashing Wind Strike II
1/28/2010 1:47:55 AM Level 5 list loaded: Crashing Wind Strike II
1/28/2010 1:47:55 AM Split line with 4|800|5||Pain Rune IV
1/28/2010 1:47:55 AM Level 4 list loaded: Pain Rune IV
1/28/2010 1:47:55 AM Split line with 4|800|6||Blood Rune II
1/28/2010 1:47:55 AM Level 4 list loaded: Blood Rune II
1/28/2010 1:47:55 AM Split line with 4|800|Ctrl,5||Rune Burst IV
1/28/2010 1:47:55 AM Level 4 list loaded: Rune Burst IV
1/28/2010 1:47:55 AM Split line with 0|Heals
1/28/2010 1:47:55 AM Level 0 list loaded: Heals
1/28/2010 1:47:55 AM Split line with 0|Reactions
1/28/2010 1:47:55 AM Level 0 list loaded: Reactions
