12/30/2009 2:25:47 PM Loaded ini settings good
12/30/2009 2:25:47 PM Preattack Loaded: 0
12/30/2009 2:25:47 PM Attack Loaded: 0
12/30/2009 2:25:47 PM Attack Loaded: 1
12/30/2009 2:25:47 PM Attack Loaded: 2
12/30/2009 2:25:47 PM Attack Loaded: 3
12/30/2009 2:28:05 PM Got player entity
12/30/2009 2:28:06 PM Start Pressed
12/30/2009 2:28:06 PM Closest waypoint found! Dist: 10.0499800994443
12/30/2009 2:28:06 PM Closest waypoint is 4
12/30/2009 2:28:06 PM Waypoint system started
12/30/2009 2:28:08 PM In targetting timer
12/30/2009 2:28:08 PM Need new target
12/30/2009 2:28:08 PM Pressing target key: TAB Old tar: Длинноносый мердион
12/30/2009 2:28:08 PM Target key pressed. NewTar: Длинноносый мердион
12/30/2009 2:28:09 PM In targetting timer
12/30/2009 2:28:09 PM Need new target
12/30/2009 2:28:09 PM Pressing target key: TAB Old tar: Длинноносый мердион
12/30/2009 2:28:09 PM Target key pressed. NewTar: Длинноносый мердион
12/30/2009 2:28:10 PM In targetting timer
12/30/2009 2:28:10 PM Need new target
12/30/2009 2:28:10 PM Pressing target key: TAB Old tar: Длинноносый мердион
12/30/2009 2:28:10 PM Target key pressed. NewTar: Длинноносый мердион
12/30/2009 2:28:11 PM In targetting timer
12/30/2009 2:28:11 PM Need new target
12/30/2009 2:28:11 PM Pressing target key: TAB Old tar: Длинноносый мердион
12/30/2009 2:28:11 PM Target key pressed. NewTar: Длинноносый мердион
12/30/2009 2:28:12 PM In targetting timer
12/30/2009 2:28:12 PM Need new target
12/30/2009 2:28:12 PM Pressing target key: TAB Old tar: Длинноносый мердион
12/30/2009 2:28:12 PM Target key pressed. NewTar: Длинноносый мердион
12/30/2009 2:28:13 PM In targetting timer
12/30/2009 2:28:13 PM Need new target
12/30/2009 2:28:13 PM Pressing target key: TAB Old tar: Длинноносый мердион
12/30/2009 2:28:13 PM Target key pressed. NewTar: Длинноносый мердион
12/30/2009 2:28:14 PM In targetting timer
12/30/2009 2:28:14 PM Need new target
12/30/2009 2:28:14 PM Pressing target key: TAB Old tar: Длинноносый мердион
12/30/2009 2:28:14 PM Target key pressed. NewTar: Длинноносый мердион
12/30/2009 2:28:15 PM In targetting timer
12/30/2009 2:28:15 PM Need new target
12/30/2009 2:28:15 PM Pressing target key: TAB Old tar: Длинноносый мердион
12/30/2009 2:28:15 PM Target key pressed. NewTar: Длинноносый мердион
12/30/2009 2:28:16 PM In targetting timer
12/30/2009 2:28:16 PM Need new target
12/30/2009 2:28:16 PM Pressing target key: TAB Old tar: Длинноносый мердион
12/30/2009 2:28:17 PM Target key pressed. NewTar: Длинноносый мердион
12/30/2009 2:28:18 PM In targetting timer
12/30/2009 2:28:18 PM Need new target
12/30/2009 2:28:18 PM Pressing target key: TAB Old tar: Длинноносый мердион
12/30/2009 2:28:18 PM Target key pressed. NewTar: Длинноносый мердион
12/30/2009 2:28:19 PM In targetting timer
12/30/2009 2:28:19 PM Need new target
12/30/2009 2:28:19 PM Pressing target key: TAB Old tar: Длинноносый мердион
12/30/2009 2:28:19 PM Target key pressed. NewTar: Длинноносый мердион
12/30/2009 2:28:20 PM In targetting timer
12/30/2009 2:28:20 PM Need new target
12/30/2009 2:28:20 PM Pressing target key: TAB Old tar: Длинноносый мердион
12/30/2009 2:28:20 PM Target key pressed. NewTar: Длинноносый мердион
12/30/2009 2:28:21 PM In targetting timer
12/30/2009 2:28:21 PM Need new target
12/30/2009 2:28:21 PM Pressing target key: TAB Old tar: Длинноносый мердион
12/30/2009 2:28:21 PM Target key pressed. NewTar: Длинноносый мердион
12/30/2009 2:28:22 PM In targetting timer
12/30/2009 2:28:22 PM Need new target
12/30/2009 2:28:22 PM Pressing target key: TAB Old tar: Длинноносый мердион
12/30/2009 2:28:22 PM Target key pressed. NewTar: Длинноносый мердион
12/30/2009 2:28:23 PM In targetting timer
12/30/2009 2:28:23 PM Need new target
12/30/2009 2:28:23 PM Pressing target key: TAB Old tar: Длинноносый мердион
12/30/2009 2:28:23 PM Target key pressed. NewTar: Длинноносый мердион
12/30/2009 2:28:24 PM In targetting timer
12/30/2009 2:28:24 PM Need new target
12/30/2009 2:28:24 PM Pressing target key: TAB Old tar: Длинноносый мердион
12/30/2009 2:28:24 PM Target key pressed. NewTar: Длинноносый мердион
12/30/2009 2:28:25 PM In targetting timer
12/30/2009 2:28:25 PM Need new target
12/30/2009 2:28:25 PM Pressing target key: TAB Old tar: Длинноносый мердион
12/30/2009 2:28:25 PM Target key pressed. NewTar: Длинноносый мердион
12/30/2009 2:28:26 PM In targetting timer
12/30/2009 2:28:26 PM Need new target
12/30/2009 2:28:26 PM Pressing target key: TAB Old tar: Длинноносый мердион
12/30/2009 2:28:26 PM Target key pressed. NewTar: Длинноносый мердион
12/30/2009 2:28:27 PM In targetting timer
12/30/2009 2:28:27 PM Need new target
12/30/2009 2:28:27 PM Pressing target key: TAB Old tar: Сумеречный спарки
12/30/2009 2:28:27 PM Target key pressed. NewTar: Сумеречный спарки
12/30/2009 2:28:28 PM In targetting timer
12/30/2009 2:28:28 PM Need new target
12/30/2009 2:28:28 PM Pressing target key: TAB Old tar: Длинноносый мердион
12/30/2009 2:28:28 PM Target key pressed. NewTar: Длинноносый мердион
12/30/2009 2:28:29 PM In targetting timer
12/30/2009 2:28:29 PM Need new target
12/30/2009 2:28:29 PM Pressing target key: TAB Old tar: Длинноносый мердион
12/30/2009 2:28:29 PM Target key pressed. NewTar: Длинноносый мердион
12/30/2009 2:28:30 PM In targetting timer
12/30/2009 2:28:30 PM Need new target
12/30/2009 2:28:30 PM Pressing target key: TAB Old tar: Длинноносый мердион
12/30/2009 2:28:30 PM Target key pressed. NewTar: Длинноносый мердион
12/30/2009 2:28:31 PM In targetting timer
12/30/2009 2:28:31 PM Need new target
12/30/2009 2:28:31 PM Pressing target key: TAB Old tar: Длинноносый мердион
12/30/2009 2:28:31 PM Target key pressed. NewTar: Длинноносый мердион
12/30/2009 2:28:32 PM In targetting timer
12/30/2009 2:28:32 PM Need new target
12/30/2009 2:28:32 PM Pressing target key: TAB Old tar: Сумеречный спарки
12/30/2009 2:28:32 PM Target key pressed. NewTar: Сумеречный спарки
12/30/2009 2:28:33 PM In targetting timer
12/30/2009 2:28:33 PM Need new target
12/30/2009 2:28:33 PM Pressing target key: TAB Old tar: Сумеречный спарки
12/30/2009 2:28:33 PM Target key pressed. NewTar: Сумеречный спарки
