12/30/2009 2:03:13 PM Loaded ini settings good
12/30/2009 2:03:13 PM Preattack Loaded: 0
12/30/2009 2:03:13 PM Attack Loaded: 0
12/30/2009 2:03:13 PM Attack Loaded: 1
12/30/2009 2:03:13 PM Attack Loaded: 2
12/30/2009 2:03:13 PM Attack Loaded: 3
12/30/2009 2:03:14 PM Waypoint system finished
12/30/2009 2:03:15 PM Got player entity
12/30/2009 2:03:16 PM Start Pressed
12/30/2009 2:03:16 PM Closest waypoint found! Dist: 3.2319828381038
12/30/2009 2:03:16 PM Closest waypoint is 1
12/30/2009 2:03:16 PM Waypoint system started
12/30/2009 2:03:16 PM Waypoint system finished
12/30/2009 2:03:16 PM Going into Preattacks
12/30/2009 2:03:16 PM Fighting Сумеречный спарки
12/30/2009 2:03:16 PM Preattacking with: 1 MOBHP: 100
12/30/2009 2:03:17 PM Preattacking with: 1 MOBHP: 100
12/30/2009 2:03:18 PM Preattacking with: 1 MOBHP: 100
12/30/2009 2:03:19 PM Preattacking with: 1 MOBHP: 100
12/30/2009 2:03:20 PM Preattacks finished
12/30/2009 2:03:21 PM First attack tried: 1
12/30/2009 2:03:22 PM Attack key pressed: 2 MOBHP: 61
12/30/2009 2:03:23 PM Attack key pressed: 3 MOBHP: 44
12/30/2009 2:03:24 PM Attack key pressed: 4 MOBHP: 29
12/30/2009 2:03:26 PM Attack key pressed: 1 MOBHP: 11
12/30/2009 2:03:26 PM Exiting attack seq..
12/30/2009 2:03:26 PM Killed mob. Kills: 1
12/30/2009 2:03:27 PM Looting finished
12/30/2009 2:03:27 PM Total Exp gained: XP: 0
12/30/2009 2:03:29 PM Looting finished
12/30/2009 2:03:29 PM Total Exp gained: XP: 0
12/30/2009 2:03:29 PM No heal to cast.
12/30/2009 2:03:29 PM No heal to cast.
12/30/2009 2:03:29 PM Closest waypoint found! Dist: 1.32994392261688
12/30/2009 2:03:29 PM Closest waypoint is 2
12/30/2009 2:03:29 PM Waypoint system started
12/30/2009 2:03:31 PM Waypoint system finished
12/30/2009 2:03:31 PM Going into Preattacks
12/30/2009 2:03:31 PM No heal to cast.
12/30/2009 2:03:31 PM Fighting Длинноносый мердион
12/30/2009 2:03:31 PM Preattacking with: 1 MOBHP: 100
12/30/2009 2:03:32 PM Preattacking with: 1 MOBHP: 100
12/30/2009 2:03:33 PM Preattacking with: 1 MOBHP: 100
12/30/2009 2:03:34 PM Preattacking with: 1 MOBHP: 100
12/30/2009 2:03:35 PM Preattacking with: 1 MOBHP: 100
12/30/2009 2:03:36 PM Preattacks finished
12/30/2009 2:03:37 PM First attack tried: 1
12/30/2009 2:03:38 PM Attack key pressed: 2 MOBHP: 46
12/30/2009 2:03:39 PM Attack key pressed: 3 MOBHP: 28
12/30/2009 2:03:40 PM Attack key pressed: 4 MOBHP: 28
12/30/2009 2:03:42 PM Attack key pressed: 1 MOBHP: 14
12/30/2009 2:03:42 PM Exiting attack seq..
12/30/2009 2:03:42 PM Killed mob. Kills: 2
