12/23/2009 1:18:03 AM Loaded ini settings good
12/23/2009 1:18:03 AM Buff Loaded: 0
12/23/2009 1:18:03 AM Buff Loaded: 1
12/23/2009 1:18:03 AM Buff Loaded: 2
12/23/2009 1:18:03 AM Preattack Loaded: 0
12/23/2009 1:18:03 AM Attack Loaded: 0
12/23/2009 1:18:03 AM Attack Loaded: 1
12/23/2009 1:18:03 AM Attack Loaded: 2
12/23/2009 1:18:03 AM Attack Loaded: 3
12/23/2009 1:18:03 AM Attack Loaded: 4
12/23/2009 1:18:16 AM Loaded waypoints file: C:\Users\slewis\Documents\warrior.nwp
12/23/2009 1:18:22 AM Got player entity
12/23/2009 1:18:22 AM Start Pressed
12/23/2009 1:18:22 AM No heal to cast.
12/23/2009 1:18:25 AM Buff cast: 0
12/23/2009 1:18:28 AM Buff cast: 1
12/23/2009 1:18:31 AM Buff cast: 2
12/23/2009 1:18:31 AM No heal to cast.
12/23/2009 1:18:31 AM Closest waypoint found! Dist: 5.38780354318419
12/23/2009 1:18:31 AM Closest waypoint is 1
12/23/2009 1:18:31 AM No heal to cast.
12/23/2009 1:18:31 AM Waypoint system started
12/23/2009 1:18:34 AM In targetting timer
12/23/2009 1:18:34 AM Need new target
12/23/2009 1:18:34 AM Pressing target key: TAB
12/23/2009 1:18:35 AM In targetting timer
12/23/2009 1:18:35 AM Need new target
12/23/2009 1:18:35 AM Pressing target key: TAB
12/23/2009 1:18:35 AM StuckW: Jump
12/23/2009 1:18:36 AM In targetting timer
12/23/2009 1:18:36 AM Need new target
12/23/2009 1:18:36 AM Pressing target key: TAB
12/23/2009 1:18:37 AM In targetting timer
12/23/2009 1:18:37 AM Need new target
12/23/2009 1:18:37 AM Pressing target key: TAB
12/23/2009 1:18:37 AM Waypoint system finished
12/23/2009 1:18:37 AM Going into Preattacks
12/23/2009 1:18:37 AM No heal to cast.
12/23/2009 1:18:37 AM Fighting Shaman Spirit
12/23/2009 1:18:37 AM Preattacking with: 1 MOBHP: 100
12/23/2009 1:18:38 AM Preattacking with: 1 MOBHP: 100
12/23/2009 1:18:39 AM Preattacking with: 1 MOBHP: 100
12/23/2009 1:18:40 AM Preattacking with: 1 MOBHP: 100
12/23/2009 1:18:41 AM Preattacks finished
12/23/2009 1:18:41 AM No heal to cast.
12/23/2009 1:18:43 AM First attack tried: 1
12/23/2009 1:18:43 AM No heal to cast.
12/23/2009 1:18:44 AM Attack key pressed: Alt,4 MOBHP: 75
12/23/2009 1:18:44 AM No heal to cast.
12/23/2009 1:18:45 AM Attack key pressed: 2 MOBHP: 75
12/23/2009 1:18:45 AM No heal to cast.
12/23/2009 1:18:46 AM Attack key pressed: 2 MOBHP: 75
12/23/2009 1:18:46 AM No heal to cast.
12/23/2009 1:18:46 AM Attack key pressed: 2 MOBHP: 75
12/23/2009 1:18:46 AM No heal to cast.
12/23/2009 1:18:49 AM Attack key pressed: 1 MOBHP: 75
12/23/2009 1:18:49 AM Try#1 to Cast Heal 0 >> HP: 2171/3739
12/23/2009 1:18:50 AM Try#2 to Cast Heal 0 >> HP: 1715/3739
12/23/2009 1:18:50 AM Try#3 to Cast Heal 0 >> HP: 1715/3739
12/23/2009 1:18:51 AM Try#4 to Cast Heal 0 >> HP: 1715/3739
12/23/2009 1:18:51 AM Try#5 to Cast Heal 0 >> HP: 1731/3739
12/23/2009 1:18:51 AM Successfully Cast Heal # 0>> HP: 1731/3739
12/23/2009 1:18:52 AM Attack key pressed: Alt,4 MOBHP: 66
12/23/2009 1:18:52 AM Try#1 to Cast Heal 1 >> HP: 1731/3739
12/23/2009 1:18:53 AM Try#2 to Cast Heal 1 >> HP: 1731/3739
12/23/2009 1:18:53 AM Try#3 to Cast Heal 1 >> HP: 1747/3739
12/23/2009 1:18:53 AM Successfully Cast Heal # 1>> HP: 1747/3739
12/23/2009 1:18:55 AM Attack key pressed: 2 MOBHP: 61
12/23/2009 1:18:55 AM Try#1 to Cast Heal 2 >> HP: 1791/3739
12/23/2009 1:18:55 AM Successfully Cast Heal # 2>> HP: 1791/3739
12/23/2009 1:18:57 AM Attack key pressed: 2 MOBHP: 56
12/23/2009 1:18:57 AM No heal to cast.
12/23/2009 1:18:57 AM Attack key pressed: 2 MOBHP: 56
12/23/2009 1:18:58 AM No heal to cast.
12/23/2009 1:19:00 AM Attack key pressed: 1 MOBHP: 56
12/23/2009 1:19:00 AM No heal to cast.
12/23/2009 1:19:00 AM Attack key pressed: Alt,4 MOBHP: 54
12/23/2009 1:19:00 AM No heal to cast.
12/23/2009 1:19:02 AM Attack key pressed: 2 MOBHP: 54
12/23/2009 1:19:02 AM No heal to cast.
12/23/2009 1:19:03 AM Attack key pressed: 2 MOBHP: 52
12/23/2009 1:19:03 AM Try#1 to Cast Heal 2 >> HP: 1706/3739
12/23/2009 1:19:03 AM Successfully Cast Heal # 2>> HP: 1706/3739
12/23/2009 1:19:04 AM Attack key pressed: 2 MOBHP: 50
12/23/2009 1:19:05 AM No heal to cast.
12/23/2009 1:19:08 AM Attack key pressed: 1 MOBHP: 50
12/23/2009 1:19:08 AM No heal to cast.
12/23/2009 1:19:08 AM Attack key pressed: Alt,4 MOBHP: 47
12/23/2009 1:19:08 AM No heal to cast.
12/23/2009 1:19:09 AM Attack key pressed: 2 MOBHP: 47
12/23/2009 1:19:09 AM No heal to cast.
12/23/2009 1:19:10 AM Attack key pressed: 2 MOBHP: 39
12/23/2009 1:19:11 AM No heal to cast.
12/23/2009 1:19:11 AM Attack key pressed: 2 MOBHP: 30
12/23/2009 1:19:11 AM No heal to cast.
12/23/2009 1:19:13 AM Attack key pressed: 1 MOBHP: 30
12/23/2009 1:19:13 AM No heal to cast.
12/23/2009 1:19:14 AM Attack key pressed: Alt,4 MOBHP: 30
12/23/2009 1:19:14 AM No heal to cast.
12/23/2009 1:19:15 AM Attack key pressed: 2 MOBHP: 20
12/23/2009 1:19:15 AM No heal to cast.
12/23/2009 1:19:16 AM Attack key pressed: 2 MOBHP: 20
12/23/2009 1:19:16 AM No heal to cast.
12/23/2009 1:19:16 AM Attack key pressed: 2 MOBHP: 17
12/23/2009 1:19:16 AM No heal to cast.
12/23/2009 1:19:19 AM Attack key pressed: 1 MOBHP: 17
12/23/2009 1:19:19 AM Try#1 to Cast Heal 2 >> HP: 1741/3446
12/23/2009 1:19:20 AM Try#2 to Cast Heal 2 >> HP: 1741/3446
12/23/2009 1:19:20 AM Try#3 to Cast Heal 2 >> HP: 1741/3446
12/23/2009 1:19:21 AM Try#4 to Cast Heal 2 >> HP: 1741/3446
12/23/2009 1:19:21 AM Try#5 to Cast Heal 2 >> HP: 1259/3446
12/23/2009 1:19:22 AM Try#6 to Cast Heal 0 >> HP: 1259/3446
12/23/2009 1:19:22 AM Try#7 to Cast Heal 0 >> HP: 2253/3446
12/23/2009 1:19:22 AM Successfully Cast Heal # 0>> HP: 2253/3446
12/23/2009 1:19:23 AM Exiting attack
12/23/2009 1:19:23 AM Killed mob. Kills: 1
12/23/2009 1:19:25 AM Stop function called
12/23/2009 1:19:25 AM Stop pressed
12/23/2009 1:19:25 AM Stop function called
12/23/2009 1:19:25 AM Stop pressed
12/23/2009 1:19:25 AM Stop function called
12/23/2009 1:19:25 AM Stop pressed
12/23/2009 1:19:25 AM Stop function called
12/23/2009 1:19:25 AM Stop pressed
12/23/2009 1:19:25 AM Looting finished
12/23/2009 1:19:25 AM Total Exp gained: XP: 0
12/23/2009 1:19:27 AM Looting finished
12/23/2009 1:19:27 AM Total Exp gained: XP: 30210
