1/2/2010 1:21:04 AM Loaded ini settings good
1/2/2010 1:21:04 AM Buff Loaded: 0
1/2/2010 1:21:04 AM Buff Loaded: 1
1/2/2010 1:21:04 AM Buff Loaded: 2
1/2/2010 1:21:04 AM Preattack Loaded: 0
1/2/2010 1:21:04 AM Preattack Loaded: 1
1/2/2010 1:21:04 AM Preattack Loaded: 2
1/2/2010 1:21:04 AM Preattack Loaded: 3
1/2/2010 1:21:04 AM Preattack Loaded: 4
1/2/2010 1:21:04 AM Preattack Loaded: 5
1/2/2010 1:21:04 AM Attack Loaded: 0
1/2/2010 1:21:04 AM Attack Loaded: 1
1/2/2010 1:21:04 AM Attack Loaded: 2
1/2/2010 1:21:04 AM Attack Loaded: 3
1/2/2010 1:21:04 AM Attack Loaded: 4
1/2/2010 1:21:04 AM Attack Loaded: 5
1/2/2010 1:21:04 AM Attack Loaded: 6
1/2/2010 1:21:04 AM Attack Loaded: 7
1/2/2010 1:21:06 AM Got player entity
1/2/2010 1:21:06 AM Start Pressed
1/2/2010 1:21:09 AM Buff cast: 0
1/2/2010 1:21:12 AM Buff cast: 1
1/2/2010 1:21:15 AM Buff cast: 2
1/2/2010 1:21:15 AM Closest waypoint found! Dist: 0.487808865926782
1/2/2010 1:21:15 AM Waypoint system started
1/2/2010 1:21:38 AM Waypoint system finished
1/2/2010 1:21:38 AM Going into Preattacks
1/2/2010 1:21:38 AM Fighting Rattletail Scolopen
1/2/2010 1:21:38 AM ADD found in ADD detection: Rattletail Scolopen Distance: 7.31623319679853
1/2/2010 1:21:38 AM Preattacks finished
1/2/2010 1:21:40 AM First attack tried: 3
1/2/2010 1:21:43 AM Attack key pressed: 1 MOBHP: 100
1/2/2010 1:21:44 AM Attack key pressed: 1 MOBHP: 65
1/2/2010 1:21:44 AM Attack key pressed: 5 MOBHP: 65
1/2/2010 1:21:47 AM Attack key pressed: 1 MOBHP: 65
1/2/2010 1:21:47 AM Attack key pressed: 1 MOBHP: 41
1/2/2010 1:21:48 AM Attack key pressed: Alt,2 MOBHP: 21
1/2/2010 1:21:48 AM Attack key pressed: 6 MOBHP: 21
1/2/2010 1:21:51 AM Attack key pressed: 3 MOBHP: 21
1/2/2010 1:21:51 AM Killed mob. Kills: 2
1/2/2010 1:21:53 AM Looting finished
1/2/2010 1:21:53 AM Total Exp gained: XP: 22096
1/2/2010 1:21:54 AM Stop function called
1/2/2010 1:21:54 AM Stop pressed
1/2/2010 1:21:54 AM Looting finished
1/2/2010 1:21:54 AM Total Exp gained: XP: 42566
1/2/2010 1:21:57 AM Got player entity
1/2/2010 1:21:57 AM Start Pressed
1/2/2010 1:21:57 AM No heal to cast.
1/2/2010 1:22:00 AM Buff cast: 0
1/2/2010 1:22:00 AM No heal to cast.
1/2/2010 1:22:00 AM Closest waypoint found! Dist: 3.26046715624996
1/2/2010 1:22:00 AM Waypoint system started
1/2/2010 1:22:13 AM Waypoint system finished
1/2/2010 1:22:13 AM Going into Preattacks
1/2/2010 1:22:13 AM No heal to cast.
1/2/2010 1:22:13 AM Fighting Rattletail Scolopen
1/2/2010 1:22:13 AM ADD found in ADD detection: Rattletail Scolopen Distance: 7.52600289050044
1/2/2010 1:22:13 AM Preattacks finished
1/2/2010 1:22:15 AM First attack tried: 3
1/2/2010 1:22:18 AM Attack key pressed: 1 MOBHP: 100
1/2/2010 1:22:19 AM Attack key pressed: 1 MOBHP: 65
1/2/2010 1:22:19 AM Attack key pressed: 5 MOBHP: 65
1/2/2010 1:22:21 AM Attack key pressed: 1 MOBHP: 65
1/2/2010 1:22:22 AM Attack key pressed: 1 MOBHP: 41
1/2/2010 1:22:23 AM Attack key pressed: Alt,2 MOBHP: 21
1/2/2010 1:22:23 AM Attack key pressed: 6 MOBHP: 21
1/2/2010 1:22:26 AM Attack key pressed: 3 MOBHP: 0
1/2/2010 1:22:26 AM Killed mob. Kills: 3
1/2/2010 1:22:28 AM Looting finished
1/2/2010 1:22:28 AM Total Exp gained: XP: 63036
1/2/2010 1:22:29 AM Stop function called
1/2/2010 1:22:29 AM Stop pressed
1/2/2010 1:22:29 AM Looting finished
1/2/2010 1:22:29 AM Total Exp gained: XP: 63036
